<?xml version="1.0" encoding="UTF-8"?>
<!-- Generated by org.testng.reporters.JUnitReportReporter -->
<testsuite hostname="LAPTOP-161TDLD5" failures="0" tests="3" name="com.bddframework.Ecomtest" time="27.129" errors="0" timestamp="2024-08-08T14:54:59 IST" skipped="0">
  <testcase classname="com.bddframework.Ecomtest" name="submitOrdertest" time="5.927"/>
  <testcase classname="com.bddframework.Ecomtest" name="submitOrdertest" time="16.181"/>
  <testcase classname="com.bddframework.Ecomtest" name="OrderHistoryTest" time="5.021"/>
</testsuite> <!-- com.bddframework.Ecomtest -->
