<?xml version="1.0" encoding="UTF-8"?>
<!-- Generated by org.testng.reporters.JUnitReportReporter -->
<testsuite hostname="LAPTOP-161TDLD5" failures="0" tests="3" name="com.bddframework.Ecomtest" time="35.882" errors="0" timestamp="2024-08-22T15:25:46 IST" skipped="0">
  <testcase classname="com.bddframework.Ecomtest" name="OrderHistoryTest" time="3.996"/>
  <testcase classname="com.bddframework.Ecomtest" name="submitOrdertest" time="21.748"/>
  <testcase classname="com.bddframework.Ecomtest" name="submitOrdertest" time="10.138"/>
</testsuite> <!-- com.bddframework.Ecomtest -->
